Mono path[0] = '/home/aptrug/Downloads/Content/linux_build/love_of_magic_Data/Managed'
Mono config path = '/home/aptrug/Downloads/Content/linux_build/love_of_magic_Data/MonoBleedingEdge/etc'
Preloaded 'libProcessStart.so'
Preloaded 'lib_burst_generated.so'
Preloaded 'libsteam_api.so'
Display 0 '0': 1366x768 (primary device).
[Physics::Module] Initialized MultithreadedJobDispatcher with {0} workers.
Unable to load player prefs
Desktop is 1366 x 768 @ 60 Hz
Initialize engine version: 2021.3.34f1 (25266724e7bd)
[Subsystems] Discovering subsystems at path /home/aptrug/Downloads/Content/linux_build/love_of_magic_Data/UnitySubsystems
GfxDevice: creating device client; threaded=1; jobified=1
Renderer: Mesa Intel(R) HD Graphics 520 (SKL GT2)
Vendor:   Intel
Version:  4.6 (Core Profile) Mesa 23.3.5-arch1.1
GLES:     0
 GL_3DFX_texture_compression_FXT1 GL_AMD_conservative_depth GL_AMD_depth_clamp_separate GL_AMD_draw_buffers_blend GL_AMD_gpu_shader_int64 GL_AMD_multi_draw_indirect GL_AMD_performance_monitor GL_AMD_pinned_memory GL_AMD_query_buffer_object GL_AMD_seamless_cubemap_per_texture GL_AMD_shader_stencil_export GL_AMD_shader_trinary_minmax GL_AMD_texture_texture4 GL_AMD_vertex_shader_layer GL_AMD_vertex_shader_viewport_index GL_ANGLE_texture_compression_dxt3 GL_ANGLE_texture_compression_dxt5 GL_ARB_ES2_compatibility GL_ARB_ES3_1_compatibility GL_ARB_ES3_2_compatibility GL_ARB_ES3_compatibility GL_ARB_arrays_of_arrays GL_ARB_base_instance GL_ARB_blend_func_extended GL_ARB_buffer_storage GL_ARB_clear_buffer_object GL_ARB_clear_texture GL_ARB_clip_control GL_ARB_compressed_texture_pixel_storage GL_ARB_compute_shader GL_ARB_compute_variable_group_size GL_ARB_conditional_render_inverted GL_ARB_conservative_depth GL_ARB_copy_buffer GL_ARB_copy_image GL_ARB_cull_distance GL_ARB_debug_output GL_ARB_depth_buffer_float GL_ARB
_depth_clamp GL_ARB_derivative_control GL_ARB_direct_state_access GL_ARB_draw_buffers GL_ARB_draw_buffers_blend GL_ARB_draw_elements_base_vertex GL_ARB_draw_indirect GL_ARB_draw_instanced GL_ARB_enhanced_layouts GL_ARB_explicit_attrib_location GL_ARB_explicit_uniform_location GL_ARB_fragment_coord_conventions GL_ARB_fragment_layer_viewport GL_ARB_fragment_shader GL_ARB_fragment_shader_interlock GL_ARB_framebuffer_no_attachments GL_ARB_framebuffer_object GL_ARB_framebuffer_sRGB GL_ARB_get_program_binary GL_ARB_get_texture_sub_image GL_ARB_gl_spirv GL_ARB_gpu_shader5 GL_ARB_gpu_shader_fp64 GL_ARB_gpu_shader_int64 GL_ARB_half_float_pixel GL_ARB_half_float_vertex GL_ARB_indirect_parameters GL_ARB_instanced_arrays GL_ARB_internalformat_query GL_ARB_internalformat_query2 GL_ARB_invalidate_subdata GL_ARB_map_buffer_alignment GL_ARB_map_buffer_range GL_ARB_multi_bind GL_ARB_multi_draw_indirect GL_ARB_occlusion_query2 GL_ARB_parallel_shader_compile GL_ARB_pipeline_statistics_query GL_ARB_pixel_buffer_object GL_ARB_po
int_sprite GL_ARB_polygon_offset_clamp GL_ARB_post_depth_coverage GL_ARB_program_interface_query GL_ARB_provoking_vertex GL_ARB_query_buffer_object GL_ARB_robust_buffer_access_behavior GL_ARB_robustness GL_ARB_sample_shading GL_ARB_sampler_objects GL_ARB_seamless_cube_map GL_ARB_seamless_cubemap_per_texture GL_ARB_separate_shader_objects GL_ARB_shader_atomic_counter_ops GL_ARB_shader_atomic_counters GL_ARB_shader_ballot GL_ARB_shader_bit_encoding GL_ARB_shader_clock GL_ARB_shader_draw_parameters GL_ARB_shader_group_vote GL_ARB_shader_image_load_store GL_ARB_shader_image_size GL_ARB_shader_objects GL_ARB_shader_precision GL_ARB_shader_stencil_export GL_ARB_shader_storage_buffer_object GL_ARB_shader_subroutine GL_ARB_shader_texture_image_samples GL_ARB_shader_texture_lod GL_ARB_shader_viewport_layer_array GL_ARB_shading_language_420pack GL_ARB_shading_language_include GL_ARB_shading_language_packing GL_ARB_spirv_extensions GL_ARB_stencil_texturing GL_ARB_sync GL_ARB_tessellation_shader GL_ARB_texture_barrier G
L_ARB_texture_border_clamp GL_ARB_texture_buffer_object GL_ARB_texture_buffer_object_rgb32 GL_ARB_texture_buffer_range GL_ARB_texture_compression_bptc GL_ARB_texture_compression_rgtc GL_ARB_texture_cube_map_array GL_ARB_texture_filter_anisotropic GL_ARB_texture_float GL_ARB_texture_gather GL_ARB_texture_mirror_clamp_to_edge GL_ARB_texture_multisample GL_ARB_texture_non_power_of_two GL_ARB_texture_query_levels GL_ARB_texture_query_lod GL_ARB_texture_rectangle GL_ARB_texture_rg GL_ARB_texture_rgb10_a2ui GL_ARB_texture_stencil8 GL_ARB_texture_storage GL_ARB_texture_storage_multisample GL_ARB_texture_swizzle GL_ARB_texture_view GL_ARB_timer_query GL_ARB_transform_feedback2 GL_ARB_transform_feedback3 GL_ARB_transform_feedback_instanced GL_ARB_transform_feedback_overflow_query GL_ARB_uniform_buffer_object GL_ARB_vertex_array_bgra GL_ARB_vertex_array_object GL_ARB_vertex_attrib_64bit GL_ARB_vertex_attrib_binding GL_ARB_vertex_buffer_object GL_ARB_vertex_shader GL_ARB_vertex_type_10f_11f_11f_rev GL_ARB_vertex_type_2
_10_10_10_rev GL_ARB_viewport_array GL_ATI_blend_equation_separate GL_ATI_texture_float GL_EXT_EGL_image_storage GL_EXT_EGL_sync GL_EXT_abgr GL_EXT_blend_equation_separate GL_EXT_debug_label GL_EXT_demote_to_helper_invocation GL_EXT_draw_buffers2 GL_EXT_draw_instanced GL_EXT_framebuffer_blit GL_EXT_framebuffer_multisample GL_EXT_framebuffer_multisample_blit_scaled GL_EXT_framebuffer_object GL_EXT_framebuffer_sRGB GL_EXT_memory_object GL_EXT_memory_object_fd GL_EXT_packed_depth_stencil GL_EXT_packed_float GL_EXT_pixel_buffer_object GL_EXT_polygon_offset_clamp GL_EXT_provoking_vertex GL_EXT_semaphore GL_EXT_semaphore_fd GL_EXT_shader_framebuffer_fetch GL_EXT_shader_framebuffer_fetch_non_coherent GL_EXT_shader_integer_mix GL_EXT_shader_samples_identical GL_EXT_texture_array GL_EXT_texture_compression_dxt1 GL_EXT_texture_compression_rgtc GL_EXT_texture_compression_s3tc GL_EXT_texture_filter_anisotropic GL_EXT_texture_integer GL_EXT_texture_sRGB GL_EXT_texture_sRGB_R8 GL_EXT_texture_sRGB_decode GL_EXT_texture_sha
dow_lod GL_EXT_texture_shared_exponent GL_EXT_texture_snorm GL_EXT_texture_swizzle GL_EXT_timer_query GL_EXT_transform_feedback GL_EXT_vertex_array_bgra GL_EXT_vertex_attrib_64bit GL_IBM_multimode_draw_arrays GL_INTEL_blackhole_render GL_INTEL_conservative_rasterization GL_INTEL_performance_query GL_INTEL_shader_atomic_float_minmax GL_INTEL_shader_integer_functions2 GL_KHR_blend_equation_advanced GL_KHR_blend_equation_advanced_coherent GL_KHR_context_flush_control GL_KHR_debug GL_KHR_no_error GL_KHR_parallel_shader_compile GL_KHR_robust_buffer_access_behavior GL_KHR_robustness GL_KHR_texture_compression_astc_ldr GL_KHR_texture_compression_astc_sliced_3d GL_MESA_framebuffer_flip_y GL_MESA_pack_invert GL_MESA_shader_integer_functions GL_MESA_texture_const_bandwidth GL_MESA_texture_signed_rgba GL_NV_alpha_to_coverage_dither_control GL_NV_compute_shader_derivatives GL_NV_conditional_render GL_NV_copy_image GL_NV_depth_clamp GL_NV_fragment_shader_interlock GL_NV_packed_depth_stencil GL_NV_texture_barrier GL_OES_E
GL_image GL_S3_s3tc
OPENGL LOG: Creating OpenGL 4.6 graphics device ; Context level  <OpenGL 4.5> ; Context handle 21586416
Begin MonoManager ReloadAssembly
- Completed reload, in  0.204 seconds
Default vsync count 1
requesting resize 1366 x 768
Using native desktop resolution 1366 x 768
requesting fullscreen 1366 x 768 at 0 Hz
Desktop is 1366 x 768 @ 60 Hz
Desktop is 1366 x 768 @ 60 Hz
UnloadTime: 0.844245 ms
Odin Serializer ArchitectureInfo initialization with defaults (all unaligned read/writes disabled).
Odin Serializer detected whitelisted runtime platform LinuxPlayer and memory read test succeeded; enabling all unaligned memory read/writes.
Loading game. Version : 1.6.7d
The referenced script on this Behaviour (Game Object '<null>') is missing!
The referenced script on this Behaviour (Game Object 'GameStartUI') is missing!
Could not start process: System.ComponentModel.Win32Exception (0x80004005): ApplicationName='espeak', CommandLine='--voices', CurrentDirectory='', Native error= Cannot find the specified file
  at System.Diagnostics.Process.StartWithCreateProcess (System.Diagnostics.ProcessStartInfo startInfo) [0x002f9] in <387b9dfa2a364a1cbadf5bcbb33d1d60>:0 
  at System.Diagnostics.Process.Start () [0x0003a] in <387b9dfa2a364a1cbadf5bcbb33d1d60>:0 
  at (wrapper remoting-invoke-with-check) System.Diagnostics.Process.Start()
  at Crosstales.RTVoice.Provider.MainVoiceProvider.startProcess (System.Diagnostics.Process process, System.Int32 timeout, System.Boolean eventOutputData, System.Boolean eventErrorData, System.Boolean redirectOutputData, System.Boolean redirectErrorData) [0x0005a] in <8095d6b3cb6e447990413915b9f836fd>:0 
Game starting : version 1.6.7d, platform: LinuxPlayer
System Locale : 
Invalid soundName SceneWoosh
requesting resize 1366 x 768
resizing window to 1366 x 724
Desktop is 1366 x 768 @ 60 Hz
InvalidOperationException: No process is associated with this object.
  at System.Diagnostics.Process.EnsureState (System.Diagnostics.Process+State state) [0x00018] in <387b9dfa2a364a1cbadf5bcbb33d1d60>:0 
  at System.Diagnostics.Process.get_HasExited () [0x0000b] in <387b9dfa2a364a1cbadf5bcbb33d1d60>:0 
  at (wrapper remoting-invoke-with-check) System.Diagnostics.Process.get_HasExited()
  at Crosstales.RTVoice.Provider.VoiceProviderLinux+<getVoices>d__42.MoveNext () [0x00132] in <8095d6b3cb6e447990413915b9f836fd>:0 
  at UnityEngine.SetupCoroutine.InvokeMoveNext (System.Collections.IEnumerator enumerator, System.IntPtr returnValueAddress) [0x00026] in <c9bf70caf60f496295a2d6046da3e3c9>:0 

Material BlurShader doesn't have _Stencil property
Material BlurShader doesn't have _Stencil property
Material BlurShader doesn't have _Stencil property
Material BlurShader doesn't have _Stencil property
Material BlurShader doesn't have _Stencil property
Material BlurShader doesn't have _Stencil property
Material BlurShader doesn't have _Stencil property
Material BlurShader doesn't have _Stencil property
Material BlurShader doesn't have _Stencil property
Material BlurShader doesn't have _Stencil property
Material BlurShader doesn't have _Stencil property
Material BlurShader doesn't have _Stencil property
Material BlurShader doesn't have _Stencil property
Material BlurShader doesn't have _Stencil property
Material BlurShader doesn't have _Stencil property
Material BlurShader doesn't have _Stencil property
Material BlurShader doesn't have _Stencil property
Material BlurShader doesn't have _Stencil property
Material BlurShader doesn't have _Stencil property
Material BlurShader doesn't have _Stencil property
Material BlurShader doesn't have _Stencil property
Material BlurShader doesn't have _Stencil property
Material BlurShader doesn't have _Stencil property
Material BlurShader doesn't have _Stencil property
Material BlurShader doesn't have _Stencil property
Material BlurShader doesn't have _Stencil property
Material BlurShader doesn't have _Stencil property
Material BlurShader doesn't have _Stencil property
Material BlurShader doesn't have _Stencil property
Material BlurShader doesn't have _Stencil property
Material BlurShader doesn't have _Stencil property
Material BlurShader doesn't have _Stencil property
Material BlurShader doesn't have _Stencil property
Material BlurShader doesn't have _Stencil property
Material BlurShader doesn't have _Stencil property
Material BlurShader doesn't have _Stencil property
Material BlurShader doesn't have _Stencil property
Invalid soundName SceneWoosh
Check if has all flags : ng
Check if has all flags : ng
Check if has all flags : steam
Check if has none of these flags : steam
Check if has all flags : ng
Check if has all flags : ng
Check if has all flags : steam
Check if has none of these flags : steam
Check if has all flags : ng
Check if has all flags : ng
Check if has all flags : steam
Check if has none of these flags : steam
Starting conversation in_the_beginning with myself
Check if has all flags : ng
Set flags: act1
Incremented value CASH by 100
Incremented value STR by 1
Incremented value INT by 1
Incremented value CHR by 1
Triggered event add=mom, 1
Check if has all flags : ng
The key you just pressed is not recognized by SDL. To help get this fixed, please report this to the SDL forums/mailing list <https://discourse.libsdl.org/> X11 KeyCode 151 (143), X11 KeySym 0x1008FF2B (XF86WakeUp).
The key you just pressed is not recognized by SDL. To help get this fixed, please report this to the SDL forums/mailing list <https://discourse.libsdl.org/> X11 KeyCode 151 (143), X11 KeySym 0x1008FF2B (XF86WakeUp).
Triggered event triggerquest=university_1
Check if has all flags : ng
Check if has none of these flags : ng
Triggered event setchloename
Triggered event remove=me
Invalid soundName SceneWoosh
Triggered event gotoroom=plane
Triggered event music=bg_edinburgh
Check if has all flags : steam
Check if has none of these flags : steam
Triggered event playmusic=bg_fear
The key you just pressed is not recognized by SDL. To help get this fixed, please report this to the SDL forums/mailing list <https://discourse.libsdl.org/> X11 KeyCode 151 (143), X11 KeySym 0x1008FF2B (XF86WakeUp).
The key you just pressed is not recognized by SDL. To help get this fixed, please report this to the SDL forums/mailing list <https://discourse.libsdl.org/> X11 KeyCode 151 (143), X11 KeySym 0x1008FF2B (XF86WakeUp).
Triggered event message=uni_application
Triggered event music=bg_edinburgh
Triggered event shutdownvideo
Check if has none of these flags : emily_shirt, no_emily
Check if has all flags : computer_rose
Check if has all flags : emily_browse_lingerie
Check if has all flags : chloe_cat_lingerie
Check if has all flags : jenny_nip1
Check if has none of these flags : emily_swimsuit, no_emily
Check if has none of these flags : chloe_catwoman1
Check if has none of these flags : molly_suit1
Check if has none of these flags : emily_slaveprincess
Triggered event opencomputer
Check if has none of these flags : emily_shirt, no_emily
Check if has all flags : computer_rose
Check if has all flags : emily_browse_lingerie
Check if has all flags : chloe_cat_lingerie
Check if has all flags : jenny_nip1
Check if has none of these flags : emily_swimsuit, no_emily
Check if has none of these flags : chloe_catwoman1
Check if has none of these flags : molly_suit1
Check if has none of these flags : emily_slaveprincess
Invalid animation exit_emails
Starting conversation WelcomeToTheCourse with Me
Setting up 2 worker threads for Enlighten.
Memory Statistics:
[ALLOC_TEMP_TLS] TLS Allocator
  StackAllocators : 
    [ALLOC_TEMP_MAIN]
      Peak usage frame count: [0-1.0 KB]: 142126 frames, [1.0 KB-2.0 KB]: 30 frames, [2.0 KB-4.0 KB]: 243 frames, [4.0 KB-8.0 KB]: 41 frames, [8.0 KB-16.0 KB]: 225 frames, [16.0 KB-32.0 KB]: 33122 frames, [32.0 KB-64.0 KB]: 6 frames, [64.0 KB-128.0 KB]: 1 frames, [128.0 KB-256.0 KB]: 3 frames, [256.0 KB-0.5 MB]: 3 frames, [4.0 MB-8.0 MB]: 1 frames
      Initial Block Size 4.0 MB
      Current Block Size 7.5 MB
      Peak Allocated Bytes 7.5 MB
      Overflow Count 10
    [ALLOC_TEMP_Loading.AsyncRead]
      Initial Block Size 64.0 KB
      Current Block Size 120.0 KB
      Peak Allocated Bytes 117.4 KB
      Overflow Count 0
    [ALLOC_TEMP_Loading.PreloadManager]
      Initial Block Size 256.0 KB
      Current Block Size 508.0 KB
      Peak Allocated Bytes 300.2 KB
      Overflow Count 31
    [ALLOC_TEMP_Background Job.Worker 8]
      Initial Block Size 32.0 KB
      Current Block Size 36.0 KB
      Peak Allocated Bytes 32.0 KB
      Overflow Count 1
    [ALLOC_TEMP_Background Job.Worker 9]
      Initial Block Size 32.0 KB
      Current Block Size 32.0 KB
      Peak Allocated Bytes 168 B
      Overflow Count 0
    [ALLOC_TEMP_Job.Worker 0]
      Initial Block Size 256.0 KB
      Current Block Size 256.0 KB
      Peak Allocated Bytes 67.3 KB
      Overflow Count 0
    [ALLOC_TEMP_Background Job.Worker 10]
      Initial Block Size 32.0 KB
      Current Block Size 32.0 KB
      Peak Allocated Bytes 168 B
      Overflow Count 0
    [ALLOC_TEMP_Background Job.Worker 14]
      Initial Block Size 32.0 KB
      Current Block Size 32.0 KB
      Peak Allocated Bytes 168 B
      Overflow Count 0
    [ALLOC_TEMP_Background Job.Worker 6]
      Initial Block Size 32.0 KB
      Current Block Size 32.0 KB
      Peak Allocated Bytes 168 B
      Overflow Count 0
    [ALLOC_TEMP_Background Job.Worker 12]
      Initial Block Size 32.0 KB
      Current Block Size 32.0 KB
      Peak Allocated Bytes 170 B
      Overflow Count 0
    [ALLOC_TEMP_EnlightenWorker] x 2
      Initial Block Size 64.0 KB
      Current Block Size 64.0 KB
      Peak Allocated Bytes 0 B
      Overflow Count 0
    [ALLOC_TEMP_Background Job.Worker 15]
      Initial Block Size 32.0 KB
      Current Block Size 32.0 KB
      Peak Allocated Bytes 168 B
      Overflow Count 0
    [ALLOC_TEMP_Background Job.Worker 1]
      Initial Block Size 32.0 KB
      Current Block Size 32.0 KB
      Peak Allocated Bytes 170 B
      Overflow Count 0
    [ALLOC_TEMP_Background Job.Worker 2]
      Initial Block Size 32.0 KB
      Current Block Size 32.0 KB
      Peak Allocated Bytes 170 B
      Overflow Count 0
    [ALLOC_TEMP_Background Job.Worker 7]
      Initial Block Size 32.0 KB
      Current Block Size 32.0 KB
      Peak Allocated Bytes 170 B
      Overflow Count 0
    [ALLOC_TEMP_UnityGfxDeviceWorker]
      Initial Block Size 256.0 KB
      Current Block Size 320.0 KB
      Peak Allocated Bytes 317.2 KB
      Overflow Count 3
    [ALLOC_TEMP_AssetGarbageCollectorHelper] x 3
      Initial Block Size 64.0 KB
      Current Block Size 64.0 KB
      Peak Allocated Bytes 0 B
      Overflow Count 0
    [ALLOC_TEMP_Background Job.Worker 5]
      Initial Block Size 32.0 KB
      Current Block Size 32.0 KB
      Peak Allocated Bytes 170 B
      Overflow Count 0
    [ALLOC_TEMP_Background Job.Worker 13]
      Initial Block Size 32.0 KB
      Current Block Size 32.0 KB
      Peak Allocated Bytes 168 B
      Overflow Count 0
    [ALLOC_TEMP_Job.Worker 1]
      Initial Block Size 256.0 KB
      Current Block Size 256.0 KB
      Peak Allocated Bytes 67.3 KB
      Overflow Count 0
    [ALLOC_TEMP_Job.Worker 2]
      Initial Block Size 256.0 KB
      Current Block Size 256.0 KB
      Peak Allocated Bytes 68.3 KB
      Overflow Count 0
    [ALLOC_TEMP_Background Job.Worker 3]
      Initial Block Size 32.0 KB
      Current Block Size 32.0 KB
      Peak Allocated Bytes 170 B
      Overflow Count 0
    [ALLOC_TEMP_Background Job.Worker 11]
      Initial Block Size 32.0 KB
      Current Block Size 32.0 KB
      Peak Allocated Bytes 170 B
      Overflow Count 0
    [ALLOC_TEMP_Background Job.Worker 0]
      Initial Block Size 32.0 KB
      Current Block Size 32.0 KB
      Peak Allocated Bytes 170 B
      Overflow Count 0
    [ALLOC_TEMP_Background Job.Worker 4]
      Initial Block Size 32.0 KB
      Current Block Size 32.0 KB
      Peak Allocated Bytes 170 B
      Overflow Count 0
    [ALLOC_TEMP_BatchDeleteObjects]
      Initial Block Size 64.0 KB
      Current Block Size 64.0 KB
      Peak Allocated Bytes 0 B
      Overflow Count 0
[ALLOC_DEFAULT] Dual Thread Allocator
  Peak main deferred allocation count 1852
    [ALLOC_BUCKET]
      Large Block size 4.0 MB
      Used Block count 1
      Peak Allocated bytes 4.0 MB
      Failed Allocations. Bucket layout:
        16B: 2 Subsections = 2048 buckets. Failed count: 185883
        32B: 8 Subsections = 4096 buckets. Failed count: 102949
        48B: 15 Subsections = 5120 buckets. Failed count: 619855
        64B: 208 Subsections = 53248 buckets. Failed count: 167743
        80B: 15 Subsections = 3072 buckets. Failed count: 4678
        96B: 4 Subsections = 682 buckets. Failed count: 16726
        112B: 2 Subsections = 292 buckets. Failed count: 86031
        128B: 2 Subsections = 256 buckets. Failed count: 11041
    [ALLOC_DEFAULT_MAIN]
      Peak usage frame count: [8.0 MB-16.0 MB]: 664 frames, [16.0 MB-32.0 MB]: 175137 frames
      Requested Block Size 16.0 MB
      Peak Block count 2
      Peak Allocated memory 22.5 MB
      Peak Large allocation bytes 0 B
    [ALLOC_DEFAULT_THREAD]
      Peak usage frame count: [16.0 MB-32.0 MB]: 172565 frames, [32.0 MB-64.0 MB]: 2280 frames, [64.0 MB-128.0 MB]: 954 frames, [256.0 MB-0.50 GB]: 2 frames
      Requested Block Size 16.0 MB
      Peak Block count 20
      Peak Allocated memory 321.3 MB
      Peak Large allocation bytes 32.0 MB
[ALLOC_TEMP_JOB_1_FRAME]
  Initial Block Size 2.0 MB
  Used Block Count 1
  Overflow Count (too large) 0
  Overflow Count (full) 0
[ALLOC_TEMP_JOB_2_FRAMES]
  Initial Block Size 2.0 MB
  Used Block Count 1
  Overflow Count (too large) 0
  Overflow Count (full) 0
[ALLOC_TEMP_JOB_4_FRAMES (JobTemp)]
  Initial Block Size 2.0 MB
  Used Block Count 4
  Overflow Count (too large) 0
  Overflow Count (full) 0
[ALLOC_TEMP_JOB_ASYNC (Background)]
  Initial Block Size 1.0 MB
  Used Block Count 23
  Overflow Count (too large) 0
  Overflow Count (full) 0
[ALLOC_GFX] Dual Thread Allocator
  Peak main deferred allocation count 5
    [ALLOC_BUCKET]
      Large Block size 4.0 MB
      Used Block count 1
      Peak Allocated bytes 4.0 MB
      Failed Allocations. Bucket layout:
        16B: 2 Subsections = 2048 buckets. Failed count: 185883
        32B: 8 Subsections = 4096 buckets. Failed count: 102949
        48B: 15 Subsections = 5120 buckets. Failed count: 619855
        64B: 208 Subsections = 53248 buckets. Failed count: 167743
        80B: 15 Subsections = 3072 buckets. Failed count: 4678
        96B: 4 Subsections = 682 buckets. Failed count: 16726
        112B: 2 Subsections = 292 buckets. Failed count: 86031
        128B: 2 Subsections = 256 buckets. Failed count: 11041
    [ALLOC_GFX_MAIN]
      Peak usage frame count: [64.0 KB-128.0 KB]: 664 frames, [128.0 KB-256.0 KB]: 1 frames, [256.0 KB-0.5 MB]: 1089 frames, [0.5 MB-1.0 MB]: 822 frames, [1.0 MB-2.0 MB]: 138978 frames, [2.0 MB-4.0 MB]: 34244 frames, [4.0 MB-8.0 MB]: 3 frames
      Requested Block Size 16.0 MB
      Peak Block count 1
      Peak Allocated memory 7.9 MB
      Peak Large allocation bytes 0 B
    [ALLOC_GFX_THREAD]
      Peak usage frame count: [16.0 MB-32.0 MB]: 175801 frames
      Requested Block Size 16.0 MB
      Peak Block count 2
      Peak Allocated memory 20.2 MB
      Peak Large allocation bytes 0 B
[ALLOC_CACHEOBJECTS] Dual Thread Allocator
  Peak main deferred allocation count 20
    [ALLOC_BUCKET]
      Large Block size 4.0 MB
      Used Block count 1
      Peak Allocated bytes 4.0 MB
      Failed Allocations. Bucket layout:
        16B: 2 Subsections = 2048 buckets. Failed count: 185883
        32B: 8 Subsections = 4096 buckets. Failed count: 102949
        48B: 15 Subsections = 5120 buckets. Failed count: 619855
        64B: 208 Subsections = 53248 buckets. Failed count: 167743
        80B: 15 Subsections = 3072 buckets. Failed count: 4678
        96B: 4 Subsections = 682 buckets. Failed count: 16726
        112B: 2 Subsections = 292 buckets. Failed count: 86031
        128B: 2 Subsections = 256 buckets. Failed count: 11041
    [ALLOC_CACHEOBJECTS_MAIN]
      Peak usage frame count: [1.0 MB-2.0 MB]: 175801 frames
      Requested Block Size 4.0 MB
      Peak Block count 1
      Peak Allocated memory 1.8 MB
      Peak Large allocation bytes 0 B
    [ALLOC_CACHEOBJECTS_THREAD]
      Peak usage frame count: [16.0 MB-32.0 MB]: 175801 frames
      Requested Block Size 4.0 MB
      Peak Block count 8
      Peak Allocated memory 30.0 MB
      Peak Large allocation bytes 2.0 MB
[ALLOC_TYPETREE] Dual Thread Allocator
  Peak main deferred allocation count 0
    [ALLOC_BUCKET]
      Large Block size 4.0 MB
      Used Block count 1
      Peak Allocated bytes 4.0 MB
      Failed Allocations. Bucket layout:
        16B: 2 Subsections = 2048 buckets. Failed count: 185883
        32B: 8 Subsections = 4096 buckets. Failed count: 102949
        48B: 15 Subsections = 5120 buckets. Failed count: 619855
        64B: 208 Subsections = 53248 buckets. Failed count: 167743
        80B: 15 Subsections = 3072 buckets. Failed count: 4678
        96B: 4 Subsections = 682 buckets. Failed count: 16726
        112B: 2 Subsections = 292 buckets. Failed count: 86031
        128B: 2 Subsections = 256 buckets. Failed count: 11041
    [ALLOC_TYPETREE_MAIN]
      Peak usage frame count: [8.0 KB-16.0 KB]: 665 frames, [16.0 KB-32.0 KB]: 175136 frames
      Requested Block Size 2.0 MB
      Peak Block count 1
      Peak Allocated memory 27.8 KB
      Peak Large allocation bytes 0 B
    [ALLOC_TYPETREE_THREAD]
      Peak usage frame count: [32.0 KB-64.0 KB]: 665 frames, [64.0 KB-128.0 KB]: 9 frames, [128.0 KB-256.0 KB]: 73 frames, [256.0 KB-0.5 MB]: 130 frames, [0.5 MB-1.0 MB]: 174924 frames
      Requested Block Size 2.0 MB
      Peak Block count 1
      Peak Allocated memory 0.9 MB
      Peak Large allocation bytes 0 B
